0 verbose cli /Users/carolineeastwood/riboviz-newpipeline/.cache/pre-commit/reposq92b1gi/node_env-default/bin/node /Users/carolineeastwood/riboviz-newpipeline/.cache/pre-commit/reposq92b1gi/node_env-default/bin/npm
1 info using npm@9.6.7
2 info using node@v20.3.1
3 timing npm:load:whichnode Completed in 6ms
4 timing config:load:defaults Completed in 2ms
5 timing config:load:file:/Users/carolineeastwood/riboviz-newpipeline/.cache/pre-commit/reposq92b1gi/node_env-default/lib/node_modules/npm/npmrc Completed in 2ms
6 timing config:load:builtin Completed in 3ms
7 timing config:load:cli Completed in 3ms
8 timing config:load:env Completed in 1ms
9 timing config:load:file:/Users/carolineeastwood/riboviz-newpipeline/.cache/pre-commit/reposq92b1gi/.npmrc Completed in 2ms
10 timing config:load:project Completed in 14ms
11 timing config:load:file:/Users/carolineeastwood/riboviz-newpipeline/.npmrc Completed in 2ms
12 timing config:load:user Completed in 2ms
13 timing config:load:file:/Users/carolineeastwood/riboviz-newpipeline/.cache/pre-commit/reposq92b1gi/node_env-default/etc/npmrc Completed in 3ms
14 timing config:load:global Completed in 3ms
15 timing config:load:setEnvs Completed in 2ms
16 timing config:load Completed in 30ms
17 timing npm:load:configload Completed in 30ms
18 timing npm:load:mkdirpcache Completed in 3ms
19 timing npm:load:mkdirplogs Completed in 3ms
20 verbose title npm pack
21 verbose argv "pack"
22 timing npm:load:setTitle Completed in 2ms
23 timing config:load:flatten Completed in 4ms
24 timing npm:load:display Completed in 5ms
25 verbose logfile logs-max:10 dir:/Users/carolineeastwood/riboviz-newpipeline/.npm/_logs/2023-07-02T16_13_21_114Z-
26 verbose logfile /Users/carolineeastwood/riboviz-newpipeline/.npm/_logs/2023-07-02T16_13_21_114Z-debug-0.log
27 timing npm:load:logFile Completed in 68ms
28 timing npm:load:timers Completed in 0ms
29 timing npm:load:configScope Completed in 0ms
30 timing npm:load Completed in 123ms
31 silly logfile done cleaning log files
32 timing arborist:ctor Completed in 1ms
33 notice
34 notice 📦  placeholder_package@0.0.0
35 notice === Tarball Contents ===
36 notice 1.1kB LICENSE     
36 notice 1.0kB README.md   
36 notice 133B  package.json
37 notice === Tarball Details ===
38 notice name:          placeholder_package                     
38 notice version:       0.0.0                                   
38 notice filename:      placeholder_package-0.0.0.tgz           
38 notice package size:  1.3 kB                                  
38 notice unpacked size: 2.2 kB                                  
38 notice shasum:        0278c6843a0bfa0fd4abbe0d6227950d86f7b2ce
38 notice integrity:     sha512-19G0+lOkEy3tN[...]G9UcBlVYI+Wug==
38 notice total files:   3                                       
39 notice
40 timing command:pack Completed in 384ms
41 verbose exit 0
42 timing npm Completed in 3847ms
43 info ok
